#gps      name            	  theta   	  phi     	  psi     	  rho     iota    hrss    		  ID      id
#931158395 WNB250_100_0d100        112.06314849854 40.794429779053 149.09878540039 0       0       3.6905152967032e-23     0       4
931158395 WNB250_100_0d100        65.2269115448   204.83840942383 29.88073348999  0       0       4.350272501865e-23      0       5
#931158395 WNB250_100_0d100        70.816951751709 196.92756652832 76.63410949707  0       0       4.812342088105e-23      0       1
#931158395 WNB250_100_0d100        93.511897563934 80.517860412598 123.51720428467 0       0       3.9110434696244e-23     0       13
#931158395 WNB250_100_0d100        118.66282463074 263.40081787109 133.28242492676 0       0       5.4182134605926e-23     0       26
#931158395 WNB250_100_0d100        132.76718902588 145.8225402832  160.97793579102 0       0       3.9671723080945e-23     0       8
#931158395 WNB250_100_0d100        155.66428375244 42.128879547119 7.947340965271  0       0       3.821002808393e-23      0       23
#931158395 WNB250_100_0d100        101.98331737518 29.778085708618 70.851570129395 0       0       4.444412927358e-23      0       0
#931158395 WNB250_100_0d100        146.28603363037 116.70745849609 118.7926864624  0       0       3.6715060390901e-23     0       5
#931158395 WNB250_100_0d100        145.91803359985 176.65420532227 103.57140350342 0       0       4.5538265768721e-23     0       18
#931158395 WNB250_100_0d100        64.503164291382 356.65291452408 102.60842895508 0       0       4.6959274892267e-23     0       2
#931158395 WNB250_100_0d100        46.352737426758 62.844532012939 119.47458648682 0       0       6.5398670469137e-23     0       25
#931158395 WNB250_100_0d100        162.3360748291  238.94010925293 127.45042419434 0       0       4.986023482834e-23      0       17
#931158395 WNB250_100_0d100        40.35725402832  223.86531066895 78.324195861816 0       0       3.89117338276e-23       0       18
#931158395 WNB250_100_0d100        101.54025745392 16.860404968262 45.308555603027 0       0       4.8277001826157e-23     0       3
#931158395 WNB250_100_0d100        24.203506469727 338.81205749512 54.65242767334  0       0       4.1841774896732e-23     0       7
#931158395 WNB250_100_0d100        107.54258918762 170.85218811035 152.87464904785 0       0       4.6435208279421e-23     0       1
#931158395 WNB250_100_0d100        128.02003860474 233.90093231201 151.05853271484 0       0       6.4164497666204e-23     0       21
#931158395 WNB250_100_0d100        95.748044013977 198.28587341309 2.2121403217316 0       0       4.5738265675471e-23     0       24
#931158395 WNB250_100_0d100        100.79914855957 177.43395996094 50.248058319092 0       0       5.163655685455e-23      0       12
